<?xml version="1.0" encoding="UTF-8"?>
<testsuite xmlns:xsi="http://www.w3.org/2001/XMLSchema-instance" xsi:noNamespaceSchemaLocation="https://maven.apache.org/surefire/maven-surefire-plugin/xsd/surefire-test-report.xsd" name="org.example.FileHandlerTest" time="1.093" tests="3" errors="0" skipped="0" failures="0">
  <properties>
    <property name="sun.desktop" value="windows"/>
    <property name="awt.toolkit" value="sun.awt.windows.WToolkit"/>
    <property name="file.encoding.pkg" value="sun.io"/>
    <property name="java.specification.version" value="1.8"/>
    <property name="sun.cpu.isalist" value="amd64"/>
    <property name="sun.jnu.encoding" value="GBK"/>
    <property name="java.class.path" value="C:\Users\zengxiangen\Desktop\结对项目\target\test-classes;C:\Users\zengxiangen\Desktop\结对项目\target\classes;E:\apache-maven-3.6.1\mvn_repo\org\junit\jupiter\junit-jupiter-api\5.8.2\junit-jupiter-api-5.8.2.jar;E:\apache-maven-3.6.1\mvn_repo\org\opentest4j\opentest4j\1.2.0\opentest4j-1.2.0.jar;E:\apache-maven-3.6.1\mvn_repo\org\junit\platform\junit-platform-commons\1.8.2\junit-platform-commons-1.8.2.jar;E:\apache-maven-3.6.1\mvn_repo\org\apiguardian\apiguardian-api\1.1.2\apiguardian-api-1.1.2.jar;E:\apache-maven-3.6.1\mvn_repo\org\junit\jupiter\junit-jupiter-engine\5.8.2\junit-jupiter-engine-5.8.2.jar;E:\apache-maven-3.6.1\mvn_repo\org\junit\platform\junit-platform-engine\1.8.2\junit-platform-engine-1.8.2.jar;"/>
    <property name="java.vm.vendor" value="Oracle Corporation"/>
    <property name="sun.arch.data.model" value="64"/>
    <property name="user.variant" value=""/>
    <property name="java.vendor.url" value="http://java.oracle.com/"/>
    <property name="user.timezone" value="Asia/Shanghai"/>
    <property name="user.country.format" value="HK"/>
    <property name="java.vm.specification.version" value="1.8"/>
    <property name="os.name" value="Windows 10"/>
    <property name="user.country" value="CN"/>
    <property name="sun.java.launcher" value="SUN_STANDARD"/>
    <property name="sun.boot.library.path" value="C:\Program Files\Java\jdk1.8.0_202\jre\bin"/>
    <property name="sun.java.command" value="C:\Users\ZENGXI~1\AppData\Local\Temp\surefire5822878812775200373\surefirebooter7597314016344249040.jar C:\Users\zengxiangen\AppData\Local\Temp\surefire5822878812775200373 2025-10-19T20-13-15_511-jvmRun1 surefire5898928273601075098tmp surefire_06353403952380588650tmp"/>
    <property name="surefire.test.class.path" value="C:\Users\zengxiangen\Desktop\结对项目\target\test-classes;C:\Users\zengxiangen\Desktop\结对项目\target\classes;E:\apache-maven-3.6.1\mvn_repo\org\junit\jupiter\junit-jupiter-api\5.8.2\junit-jupiter-api-5.8.2.jar;E:\apache-maven-3.6.1\mvn_repo\org\opentest4j\opentest4j\1.2.0\opentest4j-1.2.0.jar;E:\apache-maven-3.6.1\mvn_repo\org\junit\platform\junit-platform-commons\1.8.2\junit-platform-commons-1.8.2.jar;E:\apache-maven-3.6.1\mvn_repo\org\apiguardian\apiguardian-api\1.1.2\apiguardian-api-1.1.2.jar;E:\apache-maven-3.6.1\mvn_repo\org\junit\jupiter\junit-jupiter-engine\5.8.2\junit-jupiter-engine-5.8.2.jar;E:\apache-maven-3.6.1\mvn_repo\org\junit\platform\junit-platform-engine\1.8.2\junit-platform-engine-1.8.2.jar;"/>
    <property name="sun.cpu.endian" value="little"/>
    <property name="user.home" value="C:\Users\zengxiangen"/>
    <property name="user.language" value="zh"/>
    <property name="java.specification.vendor" value="Oracle Corporation"/>
    <property name="java.home" value="C:\Program Files\Java\jdk1.8.0_202\jre"/>
    <property name="basedir" value="C:\Users\zengxiangen\Desktop\结对项目"/>
    <property name="file.separator" value="\"/>
    <property name="line.separator" value="&#10;"/>
    <property name="java.vm.specification.vendor" value="Oracle Corporation"/>
    <property name="java.specification.name" value="Java Platform API Specification"/>
    <property name="java.awt.graphicsenv" value="sun.awt.Win32GraphicsEnvironment"/>
    <property name="surefire.real.class.path" value="C:\Users\ZENGXI~1\AppData\Local\Temp\surefire5822878812775200373\surefirebooter7597314016344249040.jar"/>
    <property name="sun.boot.class.path" value="C:\Program Files\Java\jdk1.8.0_202\jre\lib\resources.jar;C:\Program Files\Java\jdk1.8.0_202\jre\lib\rt.jar;C:\Program Files\Java\jdk1.8.0_202\jre\lib\sunrsasign.jar;C:\Program Files\Java\jdk1.8.0_202\jre\lib\jsse.jar;C:\Program Files\Java\jdk1.8.0_202\jre\lib\jce.jar;C:\Program Files\Java\jdk1.8.0_202\jre\lib\charsets.jar;C:\Program Files\Java\jdk1.8.0_202\jre\lib\jfr.jar;C:\Program Files\Java\jdk1.8.0_202\jre\classes"/>
    <property name="user.script" value=""/>
    <property name="user.script.format" value="Hans"/>
    <property name="sun.management.compiler" value="HotSpot 64-Bit Tiered Compilers"/>
    <property name="java.runtime.version" value="1.8.0_202-b08"/>
    <property name="user.name" value="zengxiangen"/>
    <property name="path.separator" value=";"/>
    <property name="os.version" value="10.0"/>
    <property name="java.endorsed.dirs" value="C:\Program Files\Java\jdk1.8.0_202\jre\lib\endorsed"/>
    <property name="java.runtime.name" value="Java(TM) SE Runtime Environment"/>
    <property name="file.encoding" value="GBK"/>
    <property name="java.vm.name" value="Java HotSpot(TM) 64-Bit Server VM"/>
    <property name="localRepository" value="E:\apache-maven-3.6.1\mvn_repo"/>
    <property name="java.vendor.url.bug" value="http://bugreport.sun.com/bugreport/"/>
    <property name="java.io.tmpdir" value="C:\Users\ZENGXI~1\AppData\Local\Temp\"/>
    <property name="java.version" value="1.8.0_202"/>
    <property name="user.dir" value="C:\Users\zengxiangen\Desktop\结对项目"/>
    <property name="os.arch" value="amd64"/>
    <property name="java.vm.specification.name" value="Java Virtual Machine Specification"/>
    <property name="java.awt.printerjob" value="sun.awt.windows.WPrinterJob"/>
    <property name="sun.os.patch.level" value=""/>
    <property name="java.library.path" value="C:\Program Files\Java\jdk1.8.0_202\jre\bin;C:\WINDOWS\Sun\Java\bin;C:\WINDOWS\system32;C:\WINDOWS;C:\\Program Files\\Java\\jdk1.8.0_202\\bin;C:\\Users\\zengxiangen\\.trae\\tools\\maven\\latest\\bin;C:\\Users\\zengxiangen\\.trae\\tools\\gradle\\latest\\bin;c:\\Users\\zengxiangen\\.trae\\sdks\\workspaces\\419beee0\\versions\\node\\current;c:\\Users\\zengxiangen\\.trae\\sdks\\versions\\node\\current;C:\Program Files\Java\jdk1.8.0_202\bin;C:\Users\zengxiangen\.trae\tools\maven\latest\bin;C:\Users\zengxiangen\.trae\tools\gradle\latest\bin;c:\Users\zengxiangen\.trae\sdks\workspaces\419beee0\versions\node\current;c:\Users\zengxiangen\.trae\sdks\versions\node\current;C:\Program Files\Java\jdk1.8.0_202\bin;C:\Program Files\Common Files\Oracle\Java\javapath;C:\Program Files\Java\jre1.8.0_461\bin;C:\Program Files (x86)\VMware\VMware Workstation\bin\;C:\Program Files\NVIDIA GPU Computing Toolkit\CUDA\v12.9\bin;C:\Program Files\NVIDIA GPU Computing Toolkit\CUDA\v12.9\libnvvp;C:\Program Files (x86)\Razer Chroma SDK\bin;C:\Program Files\Razer Chroma SDK\bin;C:\Program Files (x86)\Razer\ChromaBroadcast\bin;C:\Program Files\Razer\ChromaBroadcast\bin;C:\Program Files (x86)\Common Files\Oracle\Java\java8path;C:\Program Files (x86)\Common Files\Oracle\Java\javapath;C:\Windows\system32;C:\Windows;C:\Windows\System32\Wbem;C:\Windows\System32\WindowsPowerShell\v1.0\;C:\Windows\System32\OpenSSH\;C:\Program Files\dotnet\;C:\Program Files (x86)\NVIDIA Corporation\PhysX\Common;C:\Program Files\Microsoft SQL Server\150\Tools\Binn\;C:\Program Files\Microsoft SQL Server\Client SDK\ODBC\170\Tools\Binn\;C:\Program Files (x86)\Windows Kits\10\Windows Performance Toolkit\;C:\Windows\system32\config\systemprofile\AppData\Local\Microsoft\WindowsApps;C:\WINDOWS\system32;C:\WINDOWS;C:\WINDOWS\System32\Wbem;C:\WINDOWS\System32\WindowsPowerShell\v1.0\;C:\WINDOWS\System32\OpenSSH\;C:\Program Files\NVIDIA Corporation\NVIDIA app\NvDLISR;C:\Program Files\NVIDIA Corporation\Nsight Compute 2025.2.0\;C:\Program Files\MySQL\MySQL Server 8.0\bin\;C:\Program Files\Docker\Docker\resources\bin;E:\apache-maven-3.6.1\bin;E:\Xshell\;C:\Program Files\Git\cmd;E:\nodejs\node_global\node_modules;E:\nvm;C:\nvm4w\nodejs;C:\Program Files\Go\bin;E:\toonu\;c:\Users\zengxiangen\AppData\Local\Programs\Trae\bin;C:\Program Files\MySQL\MySQL Shell 8.0\bin\;C:\Users\zengxiangen\AppData\Local\Programs\Python\Python313\Scripts\;C:\Users\zengxiangen\AppData\Local\Programs\Python\Python313\;C:\Users\zengxiangen\AppData\Local\Microsoft\WindowsApps;D:\Microsoft VS Code\bin;C:\Users\zengxiangen\.dotnet\tools;C:\Users\zengxiangen\AppData\Local\Programs\Ollama;node_global;E:\nvm;C:\nvm4w\nodejs;C:\Program Files\JetBrains\WebStorm 2025.2.1\bin;C:\Program Files\JetBrains\GoLand 2025.2.1.2\bin;C:\Program Files\JetBrains\PyCharm 2025.2.1.1\bin;C:\Users\zengxiangen\go\bin;."/>
    <property name="java.vm.info" value="mixed mode"/>
    <property name="java.vendor" value="Oracle Corporation"/>
    <property name="java.vm.version" value="25.202-b08"/>
    <property name="java.ext.dirs" value="C:\Program Files\Java\jdk1.8.0_202\jre\lib\ext;C:\WINDOWS\Sun\Java\lib\ext"/>
    <property name="sun.io.unicode.encoding" value="UnicodeLittle"/>
    <property name="java.class.version" value="52.0"/>
  </properties>
  <testcase name="testWriteGrade" classname="org.example.FileHandlerTest" time="1.069"/>
  <testcase name="testWriteAndReadExpressions" classname="org.example.FileHandlerTest" time="0.009"/>
  <testcase name="testWriteAndReadAnswers" classname="org.example.FileHandlerTest" time="0.011"/>
</testsuite>